2025-03-19 14:53:43 - HV000001: Hibernate Validator 8.0.1.Final
2025-03-19 14:53:43 - Starting EmployeeOnboardingApplication using Java 17.0.12 with PID 4148 (C:\Users\Public\Intellij Projects\employee-onboarding\target\classes started by Monocept in C:\Users\Public\Intellij Projects\employee-onboarding)
2025-03-19 14:53:43 - No active profile set, falling back to 1 default profile: "default"
2025-03-19 14:53:44 - Bootstrapping Spring Data JPA repositories in DEFAULT mode.
2025-03-19 14:53:44 - Finished Spring Data repository scanning in 77 ms. Found 2 JPA repository interfaces.
2025-03-19 14:53:45 - Tomcat initialized with port 8080 (http)
2025-03-19 14:53:45 - Initializing ProtocolHandler ["http-nio-8080"]
2025-03-19 14:53:45 - Starting service [Tomcat]
2025-03-19 14:53:45 - Starting Servlet engine: [Apache Tomcat/10.1.28]
2025-03-19 14:53:45 - Initializing Spring embedded WebApplicationContext
2025-03-19 14:53:45 - Root WebApplicationContext: initialization completed in 1786 ms
2025-03-19 14:53:45 - HHH000204: Processing PersistenceUnitInfo [name: default]
2025-03-19 14:53:45 - HHH000412: Hibernate ORM core version 6.5.2.Final
2025-03-19 14:53:45 - HHH000026: Second-level cache disabled
2025-03-19 14:53:45 - No LoadTimeWeaver setup: ignoring JPA class transformer
2025-03-19 14:53:45 - HikariPool-1 - Starting...
2025-03-19 14:53:46 - HikariPool-1 - Added connection com.mysql.cj.jdbc.ConnectionImpl@154864f8
2025-03-19 14:53:46 - HikariPool-1 - Start completed.
2025-03-19 14:53:47 - HHH000489: No JTA platform available (set 'hibernate.transaction.jta.platform' to enable JTA platform integration)
2025-03-19 14:53:47 - Initialized JPA EntityManagerFactory for persistence unit 'default'
2025-03-19 14:53:47 - spring.jpa.open-in-view is enabled by default. Therefore, database queries may be performed during view rendering. Explicitly configure spring.jpa.open-in-view to disable this warning
2025-03-19 14:53:47 - Global AuthenticationManager configured with AuthenticationProvider bean with name daoAuthenticationProvider
2025-03-19 14:53:47 - Global AuthenticationManager configured with an AuthenticationProvider bean. UserDetailsService beans will not be used for username/password login. Consider removing the AuthenticationProvider bean. Alternatively, consider using the UserDetailsService in a manually instantiated DaoAuthenticationProvider.
2025-03-19 14:53:48 - Starting ProtocolHandler ["http-nio-8080"]
2025-03-19 14:53:48 - Tomcat started on port 8080 (http) with context path '/'
2025-03-19 14:53:48 - Started EmployeeOnboardingApplication in 5.585 seconds (process running for 6.167)
2025-03-19 14:54:07 - Initializing Spring DispatcherServlet 'dispatcherServlet'
2025-03-19 14:54:07 - Initializing Servlet 'dispatcherServlet'
2025-03-19 14:54:07 - Completed initialization in 1 ms
2025-03-19 14:54:07 - EmployeeInterceptor.preHandle request {} response {} handler {} 
2025-03-19 14:54:07 - Received request to get all admins
2025-03-19 14:54:07 - Successfully retrieved 4 admins
2025-03-19 14:54:07 - EmployeeInterceptor.postHandle request {} response {} handler {} 
2025-03-19 14:54:07 - EmployeeInterceptor.afterCompletion request {} response {} handler {} 
2025-03-19 14:55:18 - Closing JPA EntityManagerFactory for persistence unit 'default'
2025-03-19 14:55:18 - HikariPool-1 - Shutdown initiated...
2025-03-19 14:55:18 - HikariPool-1 - Shutdown completed.
